

Started GET "/" for ::1 at 2016-11-01 17:25:59 -0400
  [1m[36mActiveRecord::SchemaMigration Load (0.5ms)[0m  [1mSELECT "schema_migrations".* FROM "schema_migrations"[0m
Processing by PinsController#index as HTML
  [1m[35mUser Load (0.8ms)[0m  SELECT  "users".* FROM "users" WHERE (id=13)  ORDER BY "users"."id" ASC LIMIT 1
DEPRECATION WARNING: [paperclip] [deprecation] AWS SDK v1 has been deprecated in paperclip 5. Please consider upgrading to AWS 2 before upgrading paperclip. (called from <class:Pin> at /Users/Michelle/Desktop/ruby/rails-pin-app/app/models/pin.rb:14)
  [1m[36mPin Load (0.6ms)[0m  [1mSELECT "pins".* FROM "pins"[0m
  [1m[35mCategory Load (0.4ms)[0m  SELECT  "categories".* FROM "categories" WHERE "categories"."id" = $1 LIMIT 1  [["id", 3]]
  [1m[36mBoardPinner Load (0.5ms)[0m  [1mSELECT "board_pinners".* FROM "board_pinners" WHERE "board_pinners"."user_id" = $1[0m  [["user_id", 13]]
  [1m[35mBoard Load (0.4ms)[0m  SELECT  "boards".* FROM "boards" WHERE "boards"."id" = $1 LIMIT 1  [["id", 32]]
  [1m[36mBoard Load (0.6ms)[0m  [1mSELECT "boards".* FROM "boards" WHERE "boards"."user_id" = $1[0m  [["user_id", 13]]
  Rendered shared/_repin_form.erb (57.0ms)
  [1m[35mCACHE (0.0ms)[0m  SELECT  "categories".* FROM "categories" WHERE "categories"."id" = $1 LIMIT 1  [["id", 3]]
  Rendered shared/_repin_form.erb (3.3ms)
  [1m[36mCACHE (0.0ms)[0m  [1mSELECT  "categories".* FROM "categories" WHERE "categories"."id" = $1 LIMIT 1[0m  [["id", 3]]
  Rendered shared/_repin_form.erb (2.4ms)
  [1m[35mCACHE (0.0ms)[0m  SELECT  "categories".* FROM "categories" WHERE "categories"."id" = $1 LIMIT 1  [["id", 3]]
  Rendered shared/_repin_form.erb (8.1ms)
  [1m[36mCACHE (0.0ms)[0m  [1mSELECT  "categories".* FROM "categories" WHERE "categories"."id" = $1 LIMIT 1[0m  [["id", 3]]
  Rendered shared/_repin_form.erb (5.1ms)
  [1m[35mCACHE (0.0ms)[0m  SELECT  "categories".* FROM "categories" WHERE "categories"."id" = $1 LIMIT 1  [["id", 3]]
  Rendered shared/_repin_form.erb (4.1ms)
  [1m[36mCategory Load (0.4ms)[0m  [1mSELECT  "categories".* FROM "categories" WHERE "categories"."id" = $1 LIMIT 1[0m  [["id", 1]]
  Rendered shared/_repin_form.erb (4.3ms)
  [1m[35mCACHE (0.0ms)[0m  SELECT  "categories".* FROM "categories" WHERE "categories"."id" = $1 LIMIT 1  [["id", 3]]
  Rendered shared/_repin_form.erb (4.0ms)
  [1m[36mCACHE (0.1ms)[0m  [1mSELECT  "categories".* FROM "categories" WHERE "categories"."id" = $1 LIMIT 1[0m  [["id", 3]]
  Rendered shared/_repin_form.erb (3.7ms)
  [1m[35mCACHE (0.0ms)[0m  SELECT  "categories".* FROM "categories" WHERE "categories"."id" = $1 LIMIT 1  [["id", 3]]
  Rendered shared/_repin_form.erb (2.1ms)
  [1m[36mCategory Load (0.3ms)[0m  [1mSELECT  "categories".* FROM "categories" WHERE "categories"."id" = $1 LIMIT 1[0m  [["id", 2]]
  Rendered shared/_repin_form.erb (2.2ms)
  [1m[35mCACHE (0.0ms)[0m  SELECT  "categories".* FROM "categories" WHERE "categories"."id" = $1 LIMIT 1  [["id", 1]]
  Rendered shared/_repin_form.erb (2.5ms)
  [1m[36mCACHE (0.0ms)[0m  [1mSELECT  "categories".* FROM "categories" WHERE "categories"."id" = $1 LIMIT 1[0m  [["id", 2]]
  Rendered shared/_repin_form.erb (5.6ms)
  [1m[35mCACHE (0.0ms)[0m  SELECT  "categories".* FROM "categories" WHERE "categories"."id" = $1 LIMIT 1  [["id", 3]]
  Rendered shared/_repin_form.erb (4.0ms)
  [1m[36mCACHE (0.0ms)[0m  [1mSELECT  "categories".* FROM "categories" WHERE "categories"."id" = $1 LIMIT 1[0m  [["id", 3]]
  Rendered shared/_repin_form.erb (4.1ms)
  [1m[35mCACHE (0.0ms)[0m  SELECT  "categories".* FROM "categories" WHERE "categories"."id" = $1 LIMIT 1  [["id", 3]]
  Rendered shared/_repin_form.erb (2.3ms)
  [1m[36mCACHE (0.1ms)[0m  [1mSELECT  "categories".* FROM "categories" WHERE "categories"."id" = $1 LIMIT 1[0m  [["id", 2]]
  Rendered shared/_repin_form.erb (2.5ms)
  [1m[35mCACHE (0.0ms)[0m  SELECT  "categories".* FROM "categories" WHERE "categories"."id" = $1 LIMIT 1  [["id", 1]]
  Rendered shared/_repin_form.erb (4.0ms)
  [1m[36mCACHE (0.0ms)[0m  [1mSELECT  "categories".* FROM "categories" WHERE "categories"."id" = $1 LIMIT 1[0m  [["id", 3]]
  Rendered shared/_repin_form.erb (3.1ms)
  [1m[35mCACHE (0.0ms)[0m  SELECT  "categories".* FROM "categories" WHERE "categories"."id" = $1 LIMIT 1  [["id", 1]]
  Rendered shared/_repin_form.erb (36.7ms)
  [1m[36mCACHE (0.0ms)[0m  [1mSELECT  "categories".* FROM "categories" WHERE "categories"."id" = $1 LIMIT 1[0m  [["id", 3]]
  Rendered shared/_repin_form.erb (7.4ms)
  [1m[35mCACHE (0.0ms)[0m  SELECT  "categories".* FROM "categories" WHERE "categories"."id" = $1 LIMIT 1  [["id", 3]]
  Rendered shared/_repin_form.erb (4.9ms)
  [1m[36mCACHE (0.0ms)[0m  [1mSELECT  "categories".* FROM "categories" WHERE "categories"."id" = $1 LIMIT 1[0m  [["id", 3]]
  Rendered shared/_repin_form.erb (2.6ms)
  [1m[35mCACHE (0.0ms)[0m  SELECT  "categories".* FROM "categories" WHERE "categories"."id" = $1 LIMIT 1  [["id", 3]]
  Rendered shared/_repin_form.erb (2.6ms)
  [1m[36mCACHE (0.0ms)[0m  [1mSELECT  "categories".* FROM "categories" WHERE "categories"."id" = $1 LIMIT 1[0m  [["id", 1]]
  Rendered shared/_repin_form.erb (3.0ms)
  [1m[35mCACHE (0.0ms)[0m  SELECT  "categories".* FROM "categories" WHERE "categories"."id" = $1 LIMIT 1  [["id", 1]]
  Rendered shared/_repin_form.erb (3.1ms)
  [1m[36mCACHE (0.0ms)[0m  [1mSELECT  "categories".* FROM "categories" WHERE "categories"."id" = $1 LIMIT 1[0m  [["id", 1]]
  Rendered shared/_repin_form.erb (3.9ms)
  Rendered shared/_pins_list.erb (518.4ms)
  Rendered pins/index.erb within layouts/application (524.8ms)
Completed 200 OK in 670ms (Views: 612.3ms | ActiveRecord: 16.6ms)


Started GET "/boards" for ::1 at 2016-11-01 17:26:03 -0400
Processing by BoardsController#index as HTML
  [1m[35mUser Load (0.6ms)[0m  SELECT  "users".* FROM "users" WHERE (id=13)  ORDER BY "users"."id" ASC LIMIT 1
  [1m[36mBoardPinner Load (0.5ms)[0m  [1mSELECT "board_pinners".* FROM "board_pinners" WHERE "board_pinners"."user_id" = $1[0m  [["user_id", 13]]
  [1m[35mBoard Load (0.8ms)[0m  SELECT  "boards".* FROM "boards" WHERE "boards"."id" = $1 LIMIT 1  [["id", 32]]
  [1m[36mBoard Load (2.1ms)[0m  [1mSELECT "boards".* FROM "boards" WHERE "boards"."user_id" = $1[0m  [["user_id", 13]]
  [1m[35mUser Load (4.1ms)[0m  SELECT  "users".* FROM "users" WHERE "users"."id" = $1 LIMIT 1  [["id", 20]]
  Rendered boards/index.html.erb within layouts/application (16.5ms)
Completed 200 OK in 115ms (Views: 81.5ms | ActiveRecord: 8.1ms)


Started GET "/followers" for ::1 at 2016-11-01 17:26:09 -0400
Processing by FollowersController#index as HTML
  [1m[36mUser Load (0.6ms)[0m  [1mSELECT  "users".* FROM "users" WHERE (id=13)  ORDER BY "users"."id" ASC LIMIT 1[0m
  [1m[35mFollower Load (7.2ms)[0m  SELECT "followers".* FROM "followers" WHERE (follower_id=13)
  [1m[36mUser Load (0.6ms)[0m  [1mSELECT  "users".* FROM "users" WHERE "users"."id" = $1 LIMIT 1[0m  [["id", 20]]
  [1m[35mUser Load (1.5ms)[0m  SELECT  "users".* FROM "users" WHERE "users"."id" = $1 LIMIT 1  [["id", 10]]
  [1m[36mUser Load (1.2ms)[0m  [1mSELECT  "users".* FROM "users" WHERE "users"."id" = $1 LIMIT 1[0m  [["id", 8]]
  [1m[35mUser Load (0.6ms)[0m  SELECT  "users".* FROM "users" WHERE "users"."id" = $1 LIMIT 1  [["id", 12]]
  [1m[36mFollower Load (0.9ms)[0m  [1mSELECT "followers".* FROM "followers" WHERE "followers"."user_id" = $1[0m  [["user_id", 13]]
  [1m[35mCACHE (0.0ms)[0m  SELECT  "users".* FROM "users" WHERE "users"."id" = $1 LIMIT 1  [["id", 20]]
  [1m[36mCACHE (0.0ms)[0m  [1mSELECT  "users".* FROM "users" WHERE "users"."id" = $1 LIMIT 1[0m  [["id", 10]]
  [1m[35mCACHE (0.0ms)[0m  SELECT  "users".* FROM "users" WHERE "users"."id" = $1 LIMIT 1  [["id", 12]]
  [1m[36mUser Load (0.4ms)[0m  [1mSELECT  "users".* FROM "users" WHERE "users"."id" = $1 LIMIT 1[0m  [["id", 14]]
  [1m[35mBoard Load (0.5ms)[0m  SELECT "boards".* FROM "boards" WHERE "boards"."user_id" = $1  [["user_id", 20]]
  [1m[36mBoard Load (0.4ms)[0m  [1mSELECT "boards".* FROM "boards" WHERE "boards"."user_id" = $1[0m  [["user_id", 10]]
  [1m[35mBoard Load (0.3ms)[0m  SELECT "boards".* FROM "boards" WHERE "boards"."user_id" = $1  [["user_id", 8]]
  [1m[36mBoard Load (0.4ms)[0m  [1mSELECT "boards".* FROM "boards" WHERE "boards"."user_id" = $1[0m  [["user_id", 12]]
  [1m[35mCACHE (0.0ms)[0m  SELECT "boards".* FROM "boards" WHERE "boards"."user_id" = $1  [["user_id", 20]]
  [1m[36mCACHE (0.0ms)[0m  [1mSELECT "boards".* FROM "boards" WHERE "boards"."user_id" = $1[0m  [["user_id", 10]]
  [1m[35mCACHE (0.0ms)[0m  SELECT "boards".* FROM "boards" WHERE "boards"."user_id" = $1  [["user_id", 12]]
  [1m[36mBoard Load (0.2ms)[0m  [1mSELECT "boards".* FROM "boards" WHERE "boards"."user_id" = $1[0m  [["user_id", 14]]
  Rendered followers/index.html.erb within layouts/application (21.5ms)
  [1m[35mBoard Load (0.3ms)[0m  SELECT "boards".* FROM "boards" WHERE "boards"."user_id" = $1  [["user_id", 13]]
Completed 200 OK in 133ms (Views: 60.0ms | ActiveRecord: 18.1ms)
